*** Starting uWSGI 2.0.18 (64bit) on [Thu Apr 23 20:00:09 2020] ***
compiled with version: 9.2.1 20191008 on 23 April 2020 11:49:20
os: Linux-5.3.0-46-generic #38-Ubuntu SMP Fri Mar 27 17:37:05 UTC 2020
nodename: yms
machine: x86_64
clock source: unix
pcre jit disabled
detected number of CPU cores: 2
current working directory: /home/yms/PycharmDemo/DjangoDemo/DailyFresh
writing pidfile to uwsgi.pid
detected binary path: /home/yms/.virtualenvs/mxshengxian_dj2.0_env/bin/uwsgi
chdir() to /home/yms/PycharmDemo/DjangoDemo/DailyFresh
your processes number limit is 15529
your memory page size is 4096 bytes
detected max file descriptor number: 1048576
lock engine: pthread robust mutexes
thunder lock: disabled (you can enable it with --thunder-lock)
uWSGI http bound on 127.0.0.1:8080 fd 4
uwsgi socket 0 bound to TCP address 127.0.0.1:35707 (port auto-assigned) fd 3
Python version: 3.7.5 (default, Nov 20 2019, 09:21:52)  [GCC 9.2.1 20191008]
PEP 405 virtualenv detected: /home/yms/.virtualenvs/mxshengxian_dj2.0_env
Set PythonHome to /home/yms/.virtualenvs/mxshengxian_dj2.0_env
Python main interpreter initialized at 0x562c74f36d10
python threads support enabled
your server socket listen backlog is limited to 100 connections
your mercy for graceful operations on workers is 60 seconds
mapped 416720 bytes (406 KB) for 8 cores
*** Operational MODE: preforking+threaded ***
Traceback (most recent call last):
  File "DailyFresh/wsgi.py", line 16, in <module>
    application = get_wsgi_application()
  File "/home/yms/.virtualenvs/mxshengxian_dj2.0_env/lib/python3.7/site-packages/django/core/wsgi.py", line 12, in get_wsgi_application
    django.setup(set_prefix=False)
  File "/home/yms/.virtualenvs/mxshengxian_dj2.0_env/lib/python3.7/site-packages/django/__init__.py", line 19, in setup
    configure_logging(settings.LOGGING_CONFIG, settings.LOGGING)
  File "/home/yms/.virtualenvs/mxshengxian_dj2.0_env/lib/python3.7/site-packages/django/conf/__init__.py", line 56, in __getattr__
    self._setup(name)
  File "/home/yms/.virtualenvs/mxshengxian_dj2.0_env/lib/python3.7/site-packages/django/conf/__init__.py", line 43, in _setup
    self._wrapped = Settings(settings_module)
  File "/home/yms/.virtualenvs/mxshengxian_dj2.0_env/lib/python3.7/site-packages/django/conf/__init__.py", line 106, in __init__
    mod = importlib.import_module(self.SETTINGS_MODULE)
  File "/usr/lib/python3.7/importlib/__init__.py", line 127, in import_module
    return _bootstrap._gcd_import(name[level:], package, level)
  File "<frozen importlib._bootstrap>", line 1006, in _gcd_import
  File "<frozen importlib._bootstrap>", line 983, in _find_and_load
  File "<frozen importlib._bootstrap>", line 967, in _find_and_load_unlocked
  File "<frozen importlib._bootstrap>", line 677, in _load_unlocked
  File "<frozen importlib._bootstrap_external>", line 724, in exec_module
  File "<frozen importlib._bootstrap_external>", line 860, in get_code
  File "<frozen importlib._bootstrap_external>", line 791, in source_to_code
  File "<frozen importlib._bootstrap>", line 219, in _call_with_frames_removed
  File "./DailyFresh/settings.py", line 32
    ALLOWED_HOSTS = [*]
                      ^
SyntaxError: invalid syntax
unable to load app 0 (mountpoint='') (callable not found or import error)
*** no app loaded. going in full dynamic mode ***
*** uWSGI is running in multiple interpreter mode ***
spawned uWSGI master process (pid: 27084)
spawned uWSGI worker 1 (pid: 27085, cores: 2)
spawned uWSGI worker 2 (pid: 27086, cores: 2)
spawned uWSGI worker 3 (pid: 27088, cores: 2)
spawned uWSGI worker 4 (pid: 27089, cores: 2)
spawned uWSGI http 1 (pid: 27090)
--- no python application found, check your startup logs for errors ---
[pid: 27089|app: -1|req: -1/1] 127.0.0.1 () {46 vars in 902 bytes} [Thu Apr 23 20:00:54 2020] GET /index/ => generated 21 bytes in 0 msecs (HTTP/1.1 500) 2 headers in 83 bytes (0 switches on core 0)
--- no python application found, check your startup logs for errors ---
[pid: 27089|app: -1|req: -1/2] 127.0.0.1 () {44 vars in 814 bytes} [Thu Apr 23 20:00:54 2020] GET /favicon.ico => generated 21 bytes in 0 msecs (HTTP/1.1 500) 2 headers in 83 bytes (0 switches on core 0)
--- no python application found, check your startup logs for errors ---
[pid: 27089|app: -1|req: -1/3] 127.0.0.1 () {46 vars in 902 bytes} [Thu Apr 23 20:00:57 2020] GET /index/ => generated 21 bytes in 0 msecs (HTTP/1.1 500) 2 headers in 83 bytes (0 switches on core 0)
--- no python application found, check your startup logs for errors ---
[pid: 27089|app: -1|req: -1/4] 127.0.0.1 () {44 vars in 814 bytes} [Thu Apr 23 20:00:57 2020] GET /favicon.ico => generated 21 bytes in 0 msecs (HTTP/1.1 500) 2 headers in 83 bytes (0 switches on core 0)
--- no python application found, check your startup logs for errors ---
[pid: 27089|app: -1|req: -1/5] 127.0.0.1 () {48 vars in 933 bytes} [Thu Apr 23 20:01:22 2020] GET /index/ => generated 21 bytes in 0 msecs (HTTP/1.1 500) 2 headers in 83 bytes (0 switches on core 0)
--- no python application found, check your startup logs for errors ---
[pid: 27089|app: -1|req: -1/6] 127.0.0.1 () {44 vars in 814 bytes} [Thu Apr 23 20:01:22 2020] GET /favicon.ico => generated 21 bytes in 0 msecs (HTTP/1.1 500) 2 headers in 83 bytes (0 switches on core 0)
--- no python application found, check your startup logs for errors ---
[pid: 27089|app: -1|req: -1/7] 127.0.0.1 () {48 vars in 933 bytes} [Thu Apr 23 20:01:24 2020] GET /index/ => generated 21 bytes in 0 msecs (HTTP/1.1 500) 2 headers in 83 bytes (0 switches on core 0)
--- no python application found, check your startup logs for errors ---
[pid: 27086|app: -1|req: -1/8] 127.0.0.1 () {44 vars in 814 bytes} [Thu Apr 23 20:01:24 2020] GET /favicon.ico => generated 21 bytes in 0 msecs (HTTP/1.1 500) 2 headers in 83 bytes (0 switches on core 0)
SIGINT/SIGQUIT received...killing workers...
gateway "uWSGI http 1" has been buried (pid: 27090)
worker 1 buried after 1 seconds
worker 2 buried after 1 seconds
worker 3 buried after 1 seconds
worker 4 buried after 1 seconds
goodbye to uWSGI.
*** Starting uWSGI 2.0.18 (64bit) on [Thu Apr 23 20:09:54 2020] ***
compiled with version: 9.2.1 20191008 on 23 April 2020 11:49:20
os: Linux-5.3.0-46-generic #38-Ubuntu SMP Fri Mar 27 17:37:05 UTC 2020
nodename: yms
machine: x86_64
clock source: unix
pcre jit disabled
detected number of CPU cores: 2
current working directory: /home/yms/PycharmDemo/DjangoDemo/DailyFresh
writing pidfile to uwsgi.pid
detected binary path: /home/yms/.virtualenvs/mxshengxian_dj2.0_env/bin/uwsgi
chdir() to /home/yms/PycharmDemo/DjangoDemo/DailyFresh
your processes number limit is 15529
your memory page size is 4096 bytes
detected max file descriptor number: 1048576
lock engine: pthread robust mutexes
thunder lock: disabled (you can enable it with --thunder-lock)
uWSGI http bound on 127.0.0.1:8080 fd 4
uwsgi socket 0 bound to TCP address 127.0.0.1:42007 (port auto-assigned) fd 3
Python version: 3.7.5 (default, Nov 20 2019, 09:21:52)  [GCC 9.2.1 20191008]
PEP 405 virtualenv detected: /home/yms/.virtualenvs/mxshengxian_dj2.0_env
Set PythonHome to /home/yms/.virtualenvs/mxshengxian_dj2.0_env
Python main interpreter initialized at 0x558986037d10
python threads support enabled
your server socket listen backlog is limited to 100 connections
your mercy for graceful operations on workers is 60 seconds
mapped 416720 bytes (406 KB) for 8 cores
*** Operational MODE: preforking+threaded ***
WSGI app 0 (mountpoint='') ready in 1 seconds on interpreter 0x558986037d10 pid: 27384 (default app)
*** uWSGI is running in multiple interpreter mode ***
spawned uWSGI master process (pid: 27384)
spawned uWSGI worker 1 (pid: 27385, cores: 2)
spawned uWSGI worker 2 (pid: 27387, cores: 2)
spawned uWSGI worker 3 (pid: 27388, cores: 2)
spawned uWSGI worker 4 (pid: 27390, cores: 2)
spawned uWSGI http 1 (pid: 27392)
[pid: 27388|app: 0|req: 1/1] 127.0.0.1 () {46 vars in 900 bytes} [Thu Apr 23 20:10:03 2020] GET /index/ => generated 13870 bytes in 1374 msecs (HTTP/1.1 200) 4 headers in 125 bytes (1 switches on core 0)
[pid: 27388|app: 0|req: 2/2] 127.0.0.1 () {44 vars in 816 bytes} [Thu Apr 23 20:10:05 2020] GET /static/js/jquery-1.12.4.min.js => generated 104 bytes in 1521 msecs (HTTP/1.1 404) 3 headers in 101 bytes (1 switches on core 1)
[pid: 27385|app: 0|req: 2/4] 127.0.0.1 () {44 vars in 793 bytes} [Thu Apr 23 20:10:05 2020] GET /static/js/slide.js => generated 92 bytes in 2999 msecs (HTTP/1.1 404) 3 headers in 100 bytes (1 switches on core 1)
[pid: 27385|app: 0|req: 2/4] 127.0.0.1 () {44 vars in 808 bytes} [Thu Apr 23 20:10:05 2020] GET /static/js/jquery-ui.min.js => generated 100 bytes in 3016 msecs (HTTP/1.1 404) 3 headers in 101 bytes (1 switches on core 0)
[pid: 27388|app: 0|req: 3/5] 127.0.0.1 () {44 vars in 836 bytes} [Thu Apr 23 20:10:08 2020] GET /static/images/logo.png => generated 96 bytes in 5 msecs (HTTP/1.1 404) 3 headers in 100 bytes (1 switches on core 0)
[pid: 27387|app: 0|req: 1/6] 127.0.0.1 () {44 vars in 808 bytes} [Thu Apr 23 20:10:05 2020] GET /static/css/main.css => generated 93 bytes in 3115 msecs (HTTP/1.1 404) 3 headers in 100 bytes (1 switches on core 0)
[pid: 27390|app: 0|req: 1/7] 127.0.0.1 () {44 vars in 810 bytes} [Thu Apr 23 20:10:05 2020] GET /static/css/reset.css => generated 94 bytes in 3183 msecs (HTTP/1.1 404) 3 headers in 100 bytes (1 switches on core 0)
[pid: 27388|app: 0|req: 4/8] 127.0.0.1 () {44 vars in 809 bytes} [Thu Apr 23 20:10:08 2020] GET /static/js/jquery-ui.min.js => generated 100 bytes in 2 msecs (HTTP/1.1 404) 3 headers in 101 bytes (1 switches on core 1)
[pid: 27390|app: 0|req: 2/9] 127.0.0.1 () {44 vars in 793 bytes} [Thu Apr 23 20:10:08 2020] GET /static/js/slide.js => generated 92 bytes in 2 msecs (HTTP/1.1 404) 3 headers in 100 bytes (1 switches on core 1)
[pid: 27388|app: 0|req: 5/10] 127.0.0.1 () {44 vars in 814 bytes} [Thu Apr 23 20:10:09 2020] GET /favicon.ico => generated 85 bytes in 3 msecs (HTTP/1.1 404) 3 headers in 100 bytes (1 switches on core 0)
[pid: 27385|app: 0|req: 3/11] 127.0.0.1 () {48 vars in 933 bytes} [Thu Apr 23 20:11:51 2020] GET /index/ => generated 13870 bytes in 692 msecs (HTTP/1.1 200) 4 headers in 125 bytes (1 switches on core 1)
[pid: 27385|app: 0|req: 4/12] 127.0.0.1 () {44 vars in 811 bytes} [Thu Apr 23 20:11:52 2020] GET /static/css/reset.css => generated 94 bytes in 1 msecs (HTTP/1.1 404) 3 headers in 100 bytes (1 switches on core 0)
[pid: 27390|app: 0|req: 3/13] 127.0.0.1 () {44 vars in 809 bytes} [Thu Apr 23 20:11:52 2020] GET /static/css/main.css => generated 93 bytes in 1 msecs (HTTP/1.1 404) 3 headers in 100 bytes (1 switches on core 0)
[pid: 27387|app: 0|req: 2/14] 127.0.0.1 () {44 vars in 817 bytes} [Thu Apr 23 20:11:52 2020] GET /static/js/jquery-1.12.4.min.js => generated 104 bytes in 2 msecs (HTTP/1.1 404) 3 headers in 101 bytes (1 switches on core 1)
[pid: 27387|app: 0|req: 3/15] 127.0.0.1 () {44 vars in 809 bytes} [Thu Apr 23 20:11:52 2020] GET /static/js/jquery-ui.min.js => generated 100 bytes in 2 msecs (HTTP/1.1 404) 3 headers in 101 bytes (1 switches on core 0)
[pid: 27388|app: 0|req: 6/16] 127.0.0.1 () {44 vars in 793 bytes} [Thu Apr 23 20:11:52 2020] GET /static/js/slide.js => generated 92 bytes in 2 msecs (HTTP/1.1 404) 3 headers in 100 bytes (1 switches on core 0)
[pid: 27388|app: 0|req: 7/17] 127.0.0.1 () {44 vars in 808 bytes} [Thu Apr 23 20:11:52 2020] GET /static/js/jquery-ui.min.js => generated 100 bytes in 2 msecs (HTTP/1.1 404) 3 headers in 101 bytes (1 switches on core 1)
[pid: 27390|app: 0|req: 4/18] 127.0.0.1 () {44 vars in 792 bytes} [Thu Apr 23 20:11:52 2020] GET /static/js/slide.js => generated 92 bytes in 1 msecs (HTTP/1.1 404) 3 headers in 100 bytes (1 switches on core 0)
[pid: 27385|app: 0|req: 5/19] 127.0.0.1 () {44 vars in 835 bytes} [Thu Apr 23 20:11:52 2020] GET /static/images/logo.png => generated 96 bytes in 1 msecs (HTTP/1.1 404) 3 headers in 100 bytes (1 switches on core 0)
SIGINT/SIGQUIT received...killing workers...
gateway "uWSGI http 1" has been buried (pid: 27392)
worker 1 buried after 1 seconds
worker 2 buried after 1 seconds
worker 3 buried after 1 seconds
worker 4 buried after 1 seconds
goodbye to uWSGI.
*** Starting uWSGI 2.0.18 (64bit) on [Thu Apr 23 20:56:33 2020] ***
compiled with version: 9.2.1 20191008 on 23 April 2020 11:49:20
os: Linux-5.3.0-46-generic #38-Ubuntu SMP Fri Mar 27 17:37:05 UTC 2020
nodename: yms
machine: x86_64
clock source: unix
pcre jit disabled
detected number of CPU cores: 2
current working directory: /home/yms/PycharmDemo/DjangoDemo/DailyFresh
writing pidfile to uwsgi.pid
detected binary path: /home/yms/.virtualenvs/mxshengxian_dj2.0_env/bin/uwsgi
chdir() to /home/yms/PycharmDemo/DjangoDemo/DailyFresh
your processes number limit is 15529
your memory page size is 4096 bytes
detected max file descriptor number: 1048576
lock engine: pthread robust mutexes
thunder lock: disabled (you can enable it with --thunder-lock)
uwsgi socket 0 bound to TCP address 127.0.0.1:8080 fd 3
Python version: 3.7.5 (default, Nov 20 2019, 09:21:52)  [GCC 9.2.1 20191008]
PEP 405 virtualenv detected: /home/yms/.virtualenvs/mxshengxian_dj2.0_env
Set PythonHome to /home/yms/.virtualenvs/mxshengxian_dj2.0_env
Python main interpreter initialized at 0x5646a6ad5c30
python threads support enabled
your server socket listen backlog is limited to 100 connections
your mercy for graceful operations on workers is 60 seconds
mapped 416720 bytes (406 KB) for 8 cores
*** Operational MODE: preforking+threaded ***
WSGI app 0 (mountpoint='') ready in 5 seconds on interpreter 0x5646a6ad5c30 pid: 3709 (default app)
*** uWSGI is running in multiple interpreter mode ***
spawned uWSGI master process (pid: 3709)
spawned uWSGI worker 1 (pid: 3745, cores: 2)
spawned uWSGI worker 2 (pid: 3746, cores: 2)
spawned uWSGI worker 3 (pid: 3747, cores: 2)
spawned uWSGI worker 4 (pid: 3749, cores: 2)
[pid: 3746|app: 0|req: 1/1] 127.0.0.1 () {50 vars in 968 bytes} [Thu Apr 23 20:56:38 2020] GET /index => generated 0 bytes in 2938 msecs (HTTP/1.1 301) 3 headers in 112 bytes (1 switches on core 0)
[pid: 3749|app: 0|req: 1/2] 127.0.0.1 () {50 vars in 970 bytes} [Thu Apr 23 20:56:40 2020] GET /index/ => generated 13870 bytes in 1071 msecs (HTTP/1.1 200) 4 headers in 125 bytes (1 switches on core 0)
[pid: 3745|app: 0|req: 1/3] 127.0.0.1 () {46 vars in 846 bytes} [Thu Apr 23 20:56:43 2020] GET /favicon.ico => generated 85 bytes in 640 msecs (HTTP/1.1 404) 3 headers in 100 bytes (1 switches on core 0)
[pid: 3745|app: 0|req: 2/4] 127.0.0.1 () {50 vars in 970 bytes} [Thu Apr 23 20:56:54 2020] GET /index/ => generated 13870 bytes in 396 msecs (HTTP/1.1 200) 4 headers in 125 bytes (1 switches on core 1)
[pid: 3746|app: 0|req: 2/5] 127.0.0.1 () {50 vars in 998 bytes} [Thu Apr 23 20:57:37 2020] GET /index/ => generated 13870 bytes in 403 msecs (HTTP/1.1 200) 4 headers in 125 bytes (1 switches on core 1)
[pid: 3749|app: 0|req: 2/6] 127.0.0.1 () {50 vars in 1015 bytes} [Thu Apr 23 21:06:20 2020] GET /goods/6 => generated 9211 bytes in 120 msecs (HTTP/1.1 200) 5 headers in 278 bytes (1 switches on core 1)
[pid: 3746|app: 0|req: 3/7] 127.0.0.1 () {50 vars in 1012 bytes} [Thu Apr 23 21:06:24 2020] GET /cart/ => generated 10895 bytes in 61 msecs (HTTP/1.1 200) 4 headers in 125 bytes (1 switches on core 0)
[pid: 3749|app: 0|req: 3/8] 127.0.0.1 () {50 vars in 1020 bytes} [Thu Apr 23 21:06:26 2020] GET /user/info/ => generated 5058 bytes in 96 msecs (HTTP/1.1 200) 4 headers in 124 bytes (1 switches on core 0)
[pid: 3746|app: 0|req: 4/9] 127.0.0.1 () {50 vars in 1029 bytes} [Thu Apr 23 21:06:28 2020] GET /user/order/1 => generated 6226 bytes in 197 msecs (HTTP/1.1 200) 5 headers in 278 bytes (1 switches on core 1)
[pid: 3746|app: 0|req: 5/10] 127.0.0.1 () {50 vars in 1031 bytes} [Thu Apr 23 21:06:29 2020] GET /user/order/2 => generated 6226 bytes in 92 msecs (HTTP/1.1 200) 5 headers in 278 bytes (1 switches on core 0)
[pid: 3747|app: 0|req: 1/11] 127.0.0.1 () {50 vars in 1031 bytes} [Thu Apr 23 21:06:30 2020] GET /user/order/3 => generated 6227 bytes in 1312 msecs (HTTP/1.1 200) 5 headers in 278 bytes (1 switches on core 0)
[pid: 3747|app: 0|req: 2/12] 127.0.0.1 () {50 vars in 1031 bytes} [Thu Apr 23 21:06:31 2020] GET /user/order/6 => generated 6239 bytes in 63 msecs (HTTP/1.1 200) 5 headers in 278 bytes (1 switches on core 1)
[pid: 3746|app: 0|req: 6/13] 127.0.0.1 () {50 vars in 1031 bytes} [Thu Apr 23 21:06:33 2020] GET /user/order/7 => generated 6548 bytes in 81 msecs (HTTP/1.1 200) 5 headers in 278 bytes (1 switches on core 1)
[pid: 3747|app: 0|req: 3/14] 127.0.0.1 () {50 vars in 1031 bytes} [Thu Apr 23 21:06:35 2020] GET /user/order/1 => generated 6226 bytes in 62 msecs (HTTP/1.1 200) 5 headers in 278 bytes (1 switches on core 0)
[pid: 3747|app: 0|req: 4/15] 127.0.0.1 () {50 vars in 1010 bytes} [Thu Apr 23 21:26:13 2020] GET /user/order/1 => generated 6226 bytes in 43 msecs (HTTP/1.1 200) 5 headers in 278 bytes (1 switches on core 1)
[pid: 3749|app: 0|req: 4/16] 127.0.0.1 () {48 vars in 967 bytes} [Thu Apr 23 21:26:17 2020] GET /index/ => generated 13870 bytes in 230 msecs (HTTP/1.1 200) 4 headers in 125 bytes (1 switches on core 1)
[pid: 3745|app: 0|req: 3/17] 127.0.0.1 () {50 vars in 1015 bytes} [Thu Apr 23 21:26:20 2020] GET /goods/6 => generated 9211 bytes in 48 msecs (HTTP/1.1 200) 5 headers in 278 bytes (1 switches on core 0)
[pid: 3747|app: 0|req: 5/18] 127.0.0.1 () {50 vars in 1016 bytes} [Thu Apr 23 21:26:23 2020] GET /goods/9 => generated 9212 bytes in 43 msecs (HTTP/1.1 200) 5 headers in 278 bytes (1 switches on core 0)
[pid: 3746|app: 0|req: 7/19] 127.0.0.1 () {52 vars in 1047 bytes} [Thu Apr 23 21:27:57 2020] GET / => generated 74 bytes in 1 msecs (HTTP/1.1 404) 3 headers in 100 bytes (1 switches on core 0)
[pid: 3747|app: 0|req: 6/20] 127.0.0.1 () {48 vars in 967 bytes} [Thu Apr 23 21:42:08 2020] GET /index/ => generated 13870 bytes in 169 msecs (HTTP/1.1 200) 4 headers in 125 bytes (1 switches on core 1)
SIGINT/SIGQUIT received...killing workers...
worker 1 buried after 1 seconds
worker 2 buried after 1 seconds
worker 3 buried after 1 seconds
worker 4 buried after 1 seconds
goodbye to uWSGI.
*** Starting uWSGI 2.0.18 (64bit) on [Thu Apr 23 21:44:42 2020] ***
compiled with version: 9.2.1 20191008 on 23 April 2020 11:49:20
os: Linux-5.3.0-46-generic #38-Ubuntu SMP Fri Mar 27 17:37:05 UTC 2020
nodename: yms
machine: x86_64
clock source: unix
pcre jit disabled
detected number of CPU cores: 2
current working directory: /home/yms/PycharmDemo/DjangoDemo/DailyFresh
writing pidfile to uwsgi.pid
detected binary path: /home/yms/.virtualenvs/mxshengxian_dj2.0_env/bin/uwsgi
chdir() to /home/yms/PycharmDemo/DjangoDemo/DailyFresh
your processes number limit is 15529
your memory page size is 4096 bytes
detected max file descriptor number: 1048576
lock engine: pthread robust mutexes
thunder lock: disabled (you can enable it with --thunder-lock)
uwsgi socket 0 bound to TCP address 0.0.0.0:8001 fd 3
Python version: 3.7.5 (default, Nov 20 2019, 09:21:52)  [GCC 9.2.1 20191008]
PEP 405 virtualenv detected: /home/yms/.virtualenvs/mxshengxian_dj2.0_env
Set PythonHome to /home/yms/.virtualenvs/mxshengxian_dj2.0_env
Python main interpreter initialized at 0x5598d474cc30
python threads support enabled
your server socket listen backlog is limited to 100 connections
your mercy for graceful operations on workers is 60 seconds
mapped 416720 bytes (406 KB) for 8 cores
*** Operational MODE: preforking+threaded ***
WSGI app 0 (mountpoint='') ready in 1 seconds on interpreter 0x5598d474cc30 pid: 8331 (default app)
*** uWSGI is running in multiple interpreter mode ***
spawned uWSGI master process (pid: 8331)
spawned uWSGI worker 1 (pid: 8339, cores: 2)
spawned uWSGI worker 2 (pid: 8340, cores: 2)
spawned uWSGI worker 3 (pid: 8342, cores: 2)
spawned uWSGI worker 4 (pid: 8343, cores: 2)
invalid request block size: 21573 (max 4096)...skip
invalid request block size: 21573 (max 4096)...skip
invalid request block size: 21573 (max 4096)...skip
invalid request block size: 21573 (max 4096)...skip
invalid request block size: 21573 (max 4096)...skip
invalid request block size: 21573 (max 4096)...skip
invalid request block size: 21573 (max 4096)...skip
invalid request block size: 21573 (max 4096)...skip
invalid request block size: 21573 (max 4096)...skip
[pid: 8342|app: 0|req: 1/1] 127.0.0.1 () {48 vars in 967 bytes} [Thu Apr 23 21:47:09 2020] GET /index/ => generated 13870 bytes in 937 msecs (HTTP/1.1 200) 4 headers in 125 bytes (1 switches on core 0)
SIGINT/SIGQUIT received...killing workers...
worker 1 buried after 1 seconds
worker 2 buried after 1 seconds
worker 3 buried after 1 seconds
worker 4 buried after 1 seconds
goodbye to uWSGI.
*** Starting uWSGI 2.0.18 (64bit) on [Thu Apr 23 21:52:52 2020] ***
compiled with version: 9.2.1 20191008 on 23 April 2020 11:49:20
os: Linux-5.3.0-46-generic #38-Ubuntu SMP Fri Mar 27 17:37:05 UTC 2020
nodename: yms
machine: x86_64
clock source: unix
pcre jit disabled
detected number of CPU cores: 2
current working directory: /home/yms/PycharmDemo/DjangoDemo/DailyFresh
writing pidfile to uwsgi.pid
detected binary path: /home/yms/.virtualenvs/mxshengxian_dj2.0_env/bin/uwsgi
chdir() to /home/yms/PycharmDemo/DjangoDemo/DailyFresh
your processes number limit is 15529
your memory page size is 4096 bytes
detected max file descriptor number: 1048576
lock engine: pthread robust mutexes
thunder lock: disabled (you can enable it with --thunder-lock)
uwsgi socket 0 bound to TCP address 127.0.0.1:8080 fd 3
Python version: 3.7.5 (default, Nov 20 2019, 09:21:52)  [GCC 9.2.1 20191008]
PEP 405 virtualenv detected: /home/yms/.virtualenvs/mxshengxian_dj2.0_env
Set PythonHome to /home/yms/.virtualenvs/mxshengxian_dj2.0_env
Python main interpreter initialized at 0x5608d89f1c30
python threads support enabled
your server socket listen backlog is limited to 100 connections
your mercy for graceful operations on workers is 60 seconds
mapped 416720 bytes (406 KB) for 8 cores
*** Operational MODE: preforking+threaded ***
WSGI app 0 (mountpoint='') ready in 1 seconds on interpreter 0x5608d89f1c30 pid: 8623 (default app)
*** uWSGI is running in multiple interpreter mode ***
spawned uWSGI master process (pid: 8623)
spawned uWSGI worker 1 (pid: 8624, cores: 2)
spawned uWSGI worker 2 (pid: 8625, cores: 2)
spawned uWSGI worker 3 (pid: 8627, cores: 2)
spawned uWSGI worker 4 (pid: 8628, cores: 2)
[pid: 8627|app: 0|req: 1/1] 127.0.0.1 () {50 vars in 1021 bytes} [Thu Apr 23 22:07:13 2020] GET /user/info/ => generated 5061 bytes in 959 msecs (HTTP/1.1 200) 4 headers in 124 bytes (1 switches on core 0)
[pid: 8624|app: 0|req: 1/2] 127.0.0.1 () {50 vars in 1021 bytes} [Thu Apr 23 22:07:16 2020] GET /goods/12 => generated 9209 bytes in 930 msecs (HTTP/1.1 200) 5 headers in 278 bytes (1 switches on core 0)
[pid: 8624|app: 0|req: 2/3] 127.0.0.1 () {50 vars in 1006 bytes} [Thu Apr 23 22:07:21 2020] GET /user/info/ => generated 5061 bytes in 35 msecs (HTTP/1.1 200) 4 headers in 124 bytes (1 switches on core 1)
...brutally killing workers...
worker 1 buried after 1 seconds
worker 2 buried after 1 seconds
worker 3 buried after 1 seconds
worker 4 buried after 1 seconds
binary reloading uWSGI...
chdir() to /home/yms/PycharmDemo/DjangoDemo/DailyFresh
closing all non-uwsgi socket fds > 2 (max_fd = 1048576)...
found fd 3 mapped to socket 0 (127.0.0.1:8080)
running /home/yms/.virtualenvs/mxshengxian_dj2.0_env/bin/uwsgi
[uWSGI] getting INI configuration from uwsgi.ini
*** Starting uWSGI 2.0.18 (64bit) on [Thu Apr 23 22:16:37 2020] ***
compiled with version: 9.2.1 20191008 on 23 April 2020 11:49:20
os: Linux-5.3.0-46-generic #38-Ubuntu SMP Fri Mar 27 17:37:05 UTC 2020
nodename: yms
machine: x86_64
clock source: unix
pcre jit disabled
detected number of CPU cores: 2
current working directory: /home/yms/PycharmDemo/DjangoDemo/DailyFresh
detected binary path: /home/yms/.virtualenvs/mxshengxian_dj2.0_env/bin/uwsgi
chdir() to /home/yms/PycharmDemo/DjangoDemo/DailyFresh
your processes number limit is 15529
your memory page size is 4096 bytes
detected max file descriptor number: 1048576
lock engine: pthread robust mutexes
thunder lock: disabled (you can enable it with --thunder-lock)
uwsgi socket 0 inherited INET address 127.0.0.1:8080 fd 3
Python version: 3.7.5 (default, Nov 20 2019, 09:21:52)  [GCC 9.2.1 20191008]
PEP 405 virtualenv detected: /home/yms/.virtualenvs/mxshengxian_dj2.0_env
Set PythonHome to /home/yms/.virtualenvs/mxshengxian_dj2.0_env
Python main interpreter initialized at 0x562865ebc2f0
python threads support enabled
your server socket listen backlog is limited to 100 connections
your mercy for graceful operations on workers is 60 seconds
mapped 416720 bytes (406 KB) for 8 cores
*** Operational MODE: preforking+threaded ***
WSGI app 0 (mountpoint='') ready in 0 seconds on interpreter 0x562865ebc2f0 pid: 8623 (default app)
*** uWSGI is running in multiple interpreter mode ***
gracefully (RE)spawned uWSGI master process (pid: 8623)
spawned uWSGI worker 1 (pid: 8942, cores: 2)
spawned uWSGI worker 2 (pid: 8943, cores: 2)
spawned uWSGI worker 3 (pid: 8945, cores: 2)
spawned uWSGI worker 4 (pid: 8946, cores: 2)
